0 info it worked if it ends with ok
1 verbose cli [ '/Users/mluatti/.nvm/versions/node/v6.11.0/bin/node',
1 verbose cli   '/Users/mluatti/.nvm/versions/node/v6.11.0/bin/npm',
1 verbose cli   'run',
1 verbose cli   'server' ]
2 info using npm@3.10.10
3 info using node@v6.11.0
4 verbose run-script [ 'preserver', 'server', 'postserver' ]
5 info lifecycle WordpressToReact@1.0.0~preserver: WordpressToReact@1.0.0
6 silly lifecycle WordpressToReact@1.0.0~preserver: no script for preserver, continuing
7 info lifecycle WordpressToReact@1.0.0~server: WordpressToReact@1.0.0
8 verbose lifecycle WordpressToReact@1.0.0~server: unsafe-perm in lifecycle true
9 verbose lifecycle WordpressToReact@1.0.0~server: PATH: /Users/mluatti/.nvm/versions/node/v6.11.0/lib/node_modules/npm/bin/node-gyp-bin:/Users/mluatti/Documents/projects/WordpressToReact/public/node_modules/.bin:/Users/mluatti/.nvm/versions/node/v6.11.0/bin:/usr/local/php5/bin:/usr/local/bin:/usr/bin:/bin:/usr/sbin:/sbin:/Users/mluatti/.composer/vendor/bin
10 verbose lifecycle WordpressToReact@1.0.0~server: CWD: /Users/mluatti/Documents/projects/WordpressToReact/public
11 silly lifecycle WordpressToReact@1.0.0~server: Args: [ '-c',
11 silly lifecycle   'BABEL_ENV=server nodemon ./server.js --exec babel-node' ]
12 silly lifecycle WordpressToReact@1.0.0~server: Returned: code: 126  signal: null
13 info lifecycle WordpressToReact@1.0.0~server: Failed to exec server script
14 verbose stack Error: WordpressToReact@1.0.0 server: `BABEL_ENV=server nodemon ./server.js --exec babel-node`
14 verbose stack Exit status 126
14 verbose stack     at EventEmitter.<anonymous> (/Users/mluatti/.nvm/versions/node/v6.11.0/lib/node_modules/npm/lib/utils/lifecycle.js:255:16)
14 verbose stack     at emitTwo (events.js:106:13)
14 verbose stack     at EventEmitter.emit (events.js:191:7)
14 verbose stack     at ChildProcess.<anonymous> (/Users/mluatti/.nvm/versions/node/v6.11.0/lib/node_modules/npm/lib/utils/spawn.js:40:14)
14 verbose stack     at emitTwo (events.js:106:13)
14 verbose stack     at ChildProcess.emit (events.js:191:7)
14 verbose stack     at maybeClose (internal/child_process.js:891:16)
14 verbose stack     at Process.ChildProcess._handle.onexit (internal/child_process.js:226:5)
15 verbose pkgid WordpressToReact@1.0.0
16 verbose cwd /Users/mluatti/Documents/projects/WordpressToReact/public
17 error Darwin 15.6.0
18 error argv "/Users/mluatti/.nvm/versions/node/v6.11.0/bin/node" "/Users/mluatti/.nvm/versions/node/v6.11.0/bin/npm" "run" "server"
19 error node v6.11.0
20 error npm  v3.10.10
21 error code ELIFECYCLE
22 error WordpressToReact@1.0.0 server: `BABEL_ENV=server nodemon ./server.js --exec babel-node`
22 error Exit status 126
23 error Failed at the WordpressToReact@1.0.0 server script 'BABEL_ENV=server nodemon ./server.js --exec babel-node'.
23 error Make sure you have the latest version of node.js and npm installed.
23 error If you do, this is most likely a problem with the WordpressToReact package,
23 error not with npm itself.
23 error Tell the author that this fails on your system:
23 error     BABEL_ENV=server nodemon ./server.js --exec babel-node
23 error You can get information on how to open an issue for this project with:
23 error     npm bugs WordpressToReact
23 error Or if that isn't available, you can get their info via:
23 error     npm owner ls WordpressToReact
23 error There is likely additional logging output above.
24 verbose exit [ 1, true ]
